<?xml version="1.0" encoding="UTF-8"?>
<!-- Generated by org.testng.reporters.JUnitReportReporter -->
<testsuite hostname="D1ML16996" name="sampleProjectThroughJSON.B_OpenBrowser_CloseBrowser" tests="1" failures="0" timestamp="25 Jun 2018 10:04:33 GMT" time="8.040" errors="0">
  <testcase name="openChromeAppURLmethod" time="8.040" classname="sampleProjectThroughJSON.B_OpenBrowser_CloseBrowser"/>
</testsuite> <!-- sampleProjectThroughJSON.B_OpenBrowser_CloseBrowser -->
