<?xml version="1.0" encoding="UTF-8"?>
<!-- Generated by org.testng.reporters.JUnitReportReporter -->
<testsuite hostname="D1ML16996" name="projectThroughPOM.Itinerary" tests="1" failures="0" timestamp="16 Aug 2017 06:47:02 GMT" time="20.166" errors="0">
  <testcase name="itinerary" time="20.166" classname="projectThroughPOM.Itinerary"/>
</testsuite> <!-- projectThroughPOM.Itinerary -->
