<?xml version="1.0" encoding="UTF-8"?>
<!-- Generated by org.testng.reporters.JUnitReportReporter -->
<testsuite hostname="D1ML16996" name="sampleProjectThroughJSON.ProjectThroughJSON" tests="1" failures="0" timestamp="25 Jun 2018 09:35:01 GMT" time="21.670" errors="0">
  <testcase name="signIn" time="21.670" classname="sampleProjectThroughJSON.ProjectThroughJSON"/>
</testsuite> <!-- sampleProjectThroughJSON.ProjectThroughJSON -->
