<?xml version="1.0" encoding="UTF-8"?>
<!-- Generated by org.testng.reporters.JUnitReportReporter -->
<testsuite hostname="D1ML16996" name="sampleProjectThroughJSON.C_SignInTestCase_POM_JSON_1" tests="1" failures="0" timestamp="25 Jun 2018 10:22:14 GMT" time="5.872" errors="0">
  <testcase name="signIn" time="5.872" classname="sampleProjectThroughJSON.C_SignInTestCase_POM_JSON_1"/>
</testsuite> <!-- sampleProjectThroughJSON.C_SignInTestCase_POM_JSON_1 -->
