<?xml version="1.0" encoding="UTF-8"?>
<!-- Generated by org.testng.reporters.JUnitReportReporter -->
<testsuite hostname="D1ML16996" name="sampleProjectThroughJSON.E_RegistrationTestCase_POM_JSON2" tests="1" failures="0" timestamp="30 Jun 2018 11:55:15 GMT" time="13.114" errors="0">
  <testcase name="registration_Method" time="13.114" classname="sampleProjectThroughJSON.E_RegistrationTestCase_POM_JSON2"/>
</testsuite> <!-- sampleProjectThroughJSON.E_RegistrationTestCase_POM_JSON2 -->
