<?xml version="1.0" encoding="UTF-8"?>
<!-- Generated by org.testng.reporters.JUnitReportReporter -->
<testsuite hostname="D1ML16996" name="plainProjectPackage.OpenAppURL" tests="1" failures="0" timestamp="9 Jul 2017 10:18:45 GMT" time="7.872" errors="0">
  <testcase name="openAppURLmethod" time="7.872" classname="plainProjectPackage.OpenAppURL"/>
</testsuite> <!-- plainProjectPackage.OpenAppURL -->
