<?xml version="1.0" encoding="UTF-8"?>
<!-- Generated by org.testng.reporters.JUnitReportReporter -->
<testsuite hostname="D1ML16996" name="sampleProjectThroughJSON.ProjectThroughJSONt" tests="1" failures="0" timestamp="25 Jun 2018 08:19:53 GMT" time="0.066" errors="0">
  <testcase name="hanleJSONfile" time="0.066" classname="sampleProjectThroughJSON.ProjectThroughJSONt"/>
</testsuite> <!-- sampleProjectThroughJSON.ProjectThroughJSONt -->
