<?xml version="1.0" encoding="UTF-8"?>
<!-- Generated by org.testng.reporters.JUnitReportReporter -->
<testsuite hostname="D1ML16996" name="simpleProjectThroughChromePackage.PlainProjectChromeApp" tests="4" failures="0" timestamp="7 Aug 2017 11:51:13 GMT" time="50.780" errors="0">
  <testcase name="registerNewUser" time="9.624" classname="simpleProjectThroughChromePackage.PlainProjectChromeApp"/>
  <testcase name="flightBooking" time="22.007" classname="simpleProjectThroughChromePackage.PlainProjectChromeApp"/>
  <testcase name="logout" time="9.527" classname="simpleProjectThroughChromePackage.PlainProjectChromeApp"/>
  <testcase name="loginWithNewlyCreatedUser" time="9.622" classname="simpleProjectThroughChromePackage.PlainProjectChromeApp"/>
</testsuite> <!-- simpleProjectThroughChromePackage.PlainProjectChromeApp -->
