<?xml version="1.0" encoding="UTF-8"?>
<!-- Generated by org.testng.reporters.JUnitReportReporter -->
<testsuite hostname="D1ML16996" name="projectThroughConfigAndXLS.Registration" tests="1" failures="0" timestamp="8 Aug 2017 06:57:18 GMT" time="20.456" errors="0">
  <testcase name="registrationMethod" time="20.456" classname="projectThroughConfigAndXLS.Registration"/>
</testsuite> <!-- projectThroughConfigAndXLS.Registration -->
