<?xml version="1.0" encoding="UTF-8"?>
<!-- Generated by org.testng.reporters.JUnitReportReporter -->
<testsuite hostname="D1ML16996" name="plainProjectChromePackage.OpenChromeAppURL" tests="1" failures="0" timestamp="9 Jul 2017 10:30:57 GMT" time="12.676" errors="0">
  <testcase name="openChromeAppURLmethod" time="12.676" classname="plainProjectChromePackage.OpenChromeAppURL"/>
</testsuite> <!-- plainProjectChromePackage.OpenChromeAppURL -->
