<?xml version="1.0" encoding="UTF-8"?>
<!-- Generated by org.testng.reporters.JUnitReportReporter -->
<testsuite hostname="DhruvakC" failures="0" tests="1" name="projectThroughConfigLocatorsAndXLS.SignIn" time="52.193" errors="0" timestamp="2020-09-11T08:11:17 IST" skipped="0">
  <testcase classname="projectThroughConfigLocatorsAndXLS.SignIn" name="signInMethod" time="52.193"/>
  <system-out/>
</testsuite> <!-- projectThroughConfigLocatorsAndXLS.SignIn -->
