<?xml version="1.0" encoding="UTF-8"?>
<!-- Generated by org.testng.reporters.JUnitReportReporter -->
<testsuite hostname="D1ML16996" name="projectThroughConfigAndXLS.SignIn" tests="1" failures="0" timestamp="8 Aug 2017 06:57:18 GMT" time="12.895" errors="0">
  <testcase name="signInMethod" time="12.895" classname="projectThroughConfigAndXLS.SignIn"/>
</testsuite> <!-- projectThroughConfigAndXLS.SignIn -->
