<?xml version="1.0" encoding="UTF-8"?>
<!-- Generated by org.testng.reporters.JUnitReportReporter -->
<testsuite hostname="D1ML16996" name="projectThroughXMLValuesPickup.ValuesFromXMLFile" tests="2" failures="0" timestamp="2 Aug 2017 09:51:11 GMT" time="11.886" errors="0">
  <testcase name="logout" time="4.605" classname="projectThroughXMLValuesPickup.ValuesFromXMLFile"/>
  <testcase name="loginWithNewlyCreatedUser" time="7.281" classname="projectThroughXMLValuesPickup.ValuesFromXMLFile"/>
</testsuite> <!-- projectThroughXMLValuesPickup.ValuesFromXMLFile -->
