<?xml version="1.0" encoding="UTF-8"?>
<!-- Generated by org.testng.reporters.JUnitReportReporter -->
<testsuite hostname="DhruvakC" failures="0" tests="1" name="com.mindtree.SIA.HelloWorld.HelloDhoni" time="0.017" errors="0" timestamp="2020-09-11T18:27:56 IST" skipped="0">
  <testcase classname="com.mindtree.SIA.HelloWorld.HelloDhoni" name="testHello" time="0.017"/>
  <system-out/>
</testsuite> <!-- com.mindtree.SIA.HelloWorld.HelloDhoni -->
