<?xml version="1.0" encoding="UTF-8"?>
<!-- Generated by org.testng.reporters.JUnitReportReporter -->
<testsuite hostname="DhruvakC" failures="0" tests="1" name="a_com.mindtree.SIA.HelloWorld.HelloDhoni" time="0.011" errors="0" timestamp="2020-09-11T18:31:18 IST" skipped="0">
  <testcase classname="a_com.mindtree.SIA.HelloWorld.HelloDhoni" name="testHello" time="0.011"/>
  <system-out/>
</testsuite> <!-- a_com.mindtree.SIA.HelloWorld.HelloDhoni -->
