<?xml version="1.0" encoding="UTF-8"?>
<!-- Generated by org.testng.reporters.JUnitReportReporter -->
<testsuite hostname="D1ML16996" name="sampleProjectThroughJSON.E_RegistrationTestCase_POM_JSON" tests="1" failures="0" timestamp="29 Jun 2018 10:34:02 GMT" time="12.550" errors="0">
  <testcase name="registration_Method" time="12.550" classname="sampleProjectThroughJSON.E_RegistrationTestCase_POM_JSON"/>
</testsuite> <!-- sampleProjectThroughJSON.E_RegistrationTestCase_POM_JSON -->
