<?xml version="1.0" encoding="UTF-8"?>
<!-- Generated by org.testng.reporters.JUnitReportReporter -->
<testsuite hostname="D1ML16996" name="sampleProjectThroughJSON.D_ExtractMultilayerValueJSON" tests="1" failures="0" timestamp="26 Jun 2018 12:28:15 GMT" time="0.060" errors="0">
  <testcase name="hanleJSONfile" time="0.060" classname="sampleProjectThroughJSON.D_ExtractMultilayerValueJSON"/>
</testsuite> <!-- sampleProjectThroughJSON.D_ExtractMultilayerValueJSON -->
