<?xml version="1.0" encoding="UTF-8"?>
<!-- Generated by org.testng.reporters.JUnitReportReporter -->
<testsuite hostname="D1ML16996" name="com.mindtree.SIA.m1022568.HelloWorld" tests="1" failures="0" timestamp="8 Jul 2017 14:26:26 GMT" time="0.019" errors="0">
  <testcase name="testHello" time="0.019" classname="com.mindtree.SIA.m1022568.HelloWorld"/>
</testsuite> <!-- com.mindtree.SIA.m1022568.HelloWorld -->
