<?xml version="1.0" encoding="UTF-8"?>
<!-- Generated by org.testng.reporters.JUnitReportReporter -->
<testsuite hostname="D1ML16996" name="plainProjectChromePackage.PlainProjectChromeApp" tests="4" failures="0" timestamp="12 Jul 2017 09:54:21 GMT" time="34.413" errors="0">
  <testcase name="flightBooking" time="16.301" classname="plainProjectChromePackage.PlainProjectChromeApp"/>
  <testcase name="registerNewUser" time="6.761" classname="plainProjectChromePackage.PlainProjectChromeApp"/>
  <testcase name="loginWithNewlyCreatedUser" time="6.632" classname="plainProjectChromePackage.PlainProjectChromeApp"/>
  <testcase name="logout" time="4.719" classname="plainProjectChromePackage.PlainProjectChromeApp"/>
</testsuite> <!-- plainProjectChromePackage.PlainProjectChromeApp -->
