<?xml version="1.0" encoding="UTF-8"?>
<!-- Generated by org.testng.reporters.JUnitReportReporter -->
<testsuite hostname="D1ML16996" name="projectThroughPOM.FlightBooking" tests="1" failures="0" timestamp="16 Aug 2017 06:47:02 GMT" time="38.400" errors="0">
  <testcase name="flightBooking" time="38.400" classname="projectThroughPOM.FlightBooking"/>
</testsuite> <!-- projectThroughPOM.FlightBooking -->
