<?xml version="1.0" encoding="UTF-8"?>
<!-- Generated by org.testng.reporters.JUnitReportReporter -->
<testsuite hostname="D1ML16996" name="plainProjectFirefoxPackage.OpenFirefoxAppURL" tests="1" failures="0" timestamp="9 Jul 2017 10:32:39 GMT" time="10.198" errors="0">
  <testcase name="openFirefoxAppURLmethod" time="10.198" classname="plainProjectFirefoxPackage.OpenFirefoxAppURL"/>
</testsuite> <!-- plainProjectFirefoxPackage.OpenFirefoxAppURL -->
