<?xml version="1.0" encoding="UTF-8"?>
<!-- Generated by org.testng.reporters.JUnitReportReporter -->
<testsuite hostname="D1ML16996" name="projectThroughConfigAndXLS.FlightReservation" tests="1" failures="0" timestamp="8 Aug 2017 06:57:18 GMT" time="35.303" errors="0">
  <testcase name="flightBooking" time="35.303" classname="projectThroughConfigAndXLS.FlightReservation"/>
</testsuite> <!-- projectThroughConfigAndXLS.FlightReservation -->
