<?xml version="1.0" encoding="UTF-8"?>
<!-- Generated by org.testng.reporters.JUnitReportReporter -->
<testsuite hostname="D1ML16996" name="sampleProjectThroughJSON.A_ExtractValueThroughJSON" tests="1" failures="0" timestamp="25 Jun 2018 10:02:28 GMT" time="0.050" errors="0">
  <testcase name="hanleJSONfile" time="0.050" classname="sampleProjectThroughJSON.A_ExtractValueThroughJSON"/>
</testsuite> <!-- sampleProjectThroughJSON.A_ExtractValueThroughJSON -->
