<?xml version="1.0" encoding="UTF-8"?>
<!-- Generated by org.testng.reporters.JUnitReportReporter -->
<testsuite hostname="DhruvakC" failures="0" tests="1" name="com.mindtree.SIA.HelloWorld.HelloWorld" time="0.018" errors="0" timestamp="2020-09-10T19:37:10 IST" skipped="0">
  <testcase classname="com.mindtree.SIA.HelloWorld.HelloWorld" name="testHello" time="0.018"/>
  <system-out/>
</testsuite> <!-- com.mindtree.SIA.HelloWorld.HelloWorld -->
