<?xml version="1.0" encoding="UTF-8"?>
<!-- Generated by org.testng.reporters.JUnitReportReporter -->
<testsuite hostname="D1ML16996" name="projectThroughConfigAndXLS.Itinerary" tests="1" failures="0" timestamp="8 Aug 2017 06:57:18 GMT" time="21.058" errors="0">
  <testcase name="cancelTicket" time="21.058" classname="projectThroughConfigAndXLS.Itinerary"/>
</testsuite> <!-- projectThroughConfigAndXLS.Itinerary -->
