<?xml version="1.0" encoding="UTF-8"?>
<!-- Generated by org.testng.reporters.JUnitReportReporter -->
<testsuite hostname="D1ML16996" name="projectThroughPOM.Registration" tests="1" failures="0" timestamp="29 Jun 2018 10:00:50 GMT" time="55.687" errors="0">
  <testcase name="registration" time="55.687" classname="projectThroughPOM.Registration"/>
</testsuite> <!-- projectThroughPOM.Registration -->
