<?xml version="1.0" encoding="UTF-8"?>
<!-- Generated by org.testng.reporters.JUnitReportReporter -->
<testsuite hostname="D1ML16996" name="xmlValuesPickup.ValuesFromXMLFile" tests="2" failures="0" timestamp="12 Jul 2017 12:38:08 GMT" time="10.459" errors="0">
  <testcase name="logout" time="4.649" classname="xmlValuesPickup.ValuesFromXMLFile"/>
  <testcase name="loginWithNewlyCreatedUser" time="5.810" classname="xmlValuesPickup.ValuesFromXMLFile"/>
</testsuite> <!-- xmlValuesPickup.ValuesFromXMLFile -->
